<?xml version="1.0" encoding="UTF-8"?>
<testsuite xmlns:xsi="http://www.w3.org/2001/XMLSchema-instance" xsi:noNamespaceSchemaLocation="https://maven.apache.org/surefire/maven-surefire-plugin/xsd/surefire-test-report-3.0.xsd" version="3.0" name="com.example.demo_postger.DemoPostgerApplicationTests" time="12.809" tests="1" errors="0" skipped="0" failures="0">
  <properties>
[...]
</properties>
  <testcase name="contextLoads" classname="com.example.demo_postger.DemoPostgerApplicationTests" time="0.631">
    <system-out><![CDATA[18:20:50.508 [main] INFO org.springframework.test.context.support.AnnotationConfigContextLoaderUtils -- Could not detect default configuration classes for test class [com.example.demo_postger.DemoPostgerApplicationTests]: DemoPostgerApplicationTests does not declare any static, non-private, non-final, nested classes annotated with @Configuration.
18:20:50.619 [main] INFO org.springframework.boot.test.context.SpringBootTestContextBootstrapper -- Found @SpringBootConfiguration com.example.demo_postger.DemoPostgerApplication for test class com.example.demo_postger.DemoPostgerApplicationTests

  .   ____          _            __ _ _
 /\\ / ___'_ __ _ _(_)_ __  __ _ \ \ \ \
( ( )\___ | '_ | '_| | '_ \/ _` | \ \ \ \
 \\/  ___)| |_)| | | | | || (_| |  ) ) ) )
  '  |____| .__|_| |_|_| |_\__, | / / / /
 =========|_|==============|___/=/_/_/_/
 :: Spring Boot ::                (v3.1.1)

2023-07-04T18:20:51.111+03:00  INFO 23164 --- [           main] c.e.d.DemoPostgerApplicationTests        : Starting DemoPostgerApplicationTests using Java 17.0.1 with PID 23164 (started by VISION in C:\Users\VISION\Desktop\etourism27\demo_postger)
2023-07-04T18:20:51.112+03:00  INFO 23164 --- [           main] c.e.d.DemoPostgerApplicationTests        : No active profile set, falling back to 1 default profile: "default"
2023-07-04T18:20:52.033+03:00  INFO 23164 --- [           main] .s.d.r.c.RepositoryConfigurationDelegate : Bootstrapping Spring Data JPA repositories in DEFAULT mode.
2023-07-04T18:20:52.209+03:00  INFO 23164 --- [           main] .s.d.r.c.RepositoryConfigurationDelegate : Finished Spring Data repository scanning in 162 ms. Found 1 JPA repository interfaces.
2023-07-04T18:20:52.637+03:00  INFO 23164 --- [           main] trationDelegate$BeanPostProcessorChecker : Bean 'org.springframework.ws.config.annotation.DelegatingWsConfiguration' of type [org.springframework.ws.config.annotation.DelegatingWsConfiguration$$SpringCGLIB$$0] is not eligible for getting processed by all BeanPostProcessors (for example: not eligible for auto-proxying)
2023-07-04T18:20:52.676+03:00  INFO 23164 --- [           main] .w.s.a.s.AnnotationActionEndpointMapping : Supporting [WS-Addressing August 2004, WS-Addressing 1.0]
2023-07-04T18:20:52.871+03:00  INFO 23164 --- [           main] o.hibernate.jpa.internal.util.LogHelper  : HHH000204: Processing PersistenceUnitInfo [name: default]
2023-07-04T18:20:52.981+03:00  INFO 23164 --- [           main] org.hibernate.Version                    : HHH000412: Hibernate ORM core version 6.2.5.Final
2023-07-04T18:20:52.986+03:00  INFO 23164 --- [           main] org.hibernate.cfg.Environment            : HHH000406: Using bytecode reflection optimizer
2023-07-04T18:20:53.270+03:00  INFO 23164 --- [           main] o.h.b.i.BytecodeProviderInitiator        : HHH000021: Bytecode provider name : bytebuddy
2023-07-04T18:20:53.518+03:00  INFO 23164 --- [           main] o.s.o.j.p.SpringPersistenceUnitInfo      : No LoadTimeWeaver setup: ignoring JPA class transformer
2023-07-04T18:20:53.544+03:00  INFO 23164 --- [           main] com.zaxxer.hikari.HikariDataSource       : HikariPool-1 - Starting...
2023-07-04T18:20:57.043+03:00  INFO 23164 --- [           main] com.zaxxer.hikari.pool.HikariPool        : HikariPool-1 - Added connection org.postgresql.jdbc.PgConnection@17d76ebb
2023-07-04T18:20:57.045+03:00  INFO 23164 --- [           main] com.zaxxer.hikari.HikariDataSource       : HikariPool-1 - Start completed.
2023-07-04T18:20:58.967+03:00  INFO 23164 --- [           main] o.h.b.i.BytecodeProviderInitiator        : HHH000021: Bytecode provider name : bytebuddy
2023-07-04T18:20:59.665+03:00  INFO 23164 --- [           main] o.h.e.t.j.p.i.JtaPlatformInitiator       : HHH000490: Using JtaPlatform implementation: [org.hibernate.engine.transaction.jta.platform.internal.NoJtaPlatform]
2023-07-04T18:21:00.963+03:00  INFO 23164 --- [           main] j.LocalContainerEntityManagerFactoryBean : Initialized JPA EntityManagerFactory for persistence unit 'default'
2023-07-04T18:21:01.665+03:00  WARN 23164 --- [           main] JpaBaseConfiguration$JpaWebConfiguration : spring.jpa.open-in-view is enabled by default. Therefore, database queries may be performed during view rendering. Explicitly configure spring.jpa.open-in-view to disable this warning
2023-07-04T18:21:02.479+03:00  INFO 23164 --- [           main] c.e.d.DemoPostgerApplicationTests        : Started DemoPostgerApplicationTests in 11.673 seconds (process running for 12.811)
]]></system-out>
  </testcase>
</testsuite>